<?xml version="1.0" encoding="UTF-8"?>
<robot generator="Robot 6.0.1 (Python 3.10.6 on linux)" generated="20221215 00:37:49.713" rpa="false" schemaversion="3">
<suite id="s1" name="eduardoLaura" source="/home/eduardo/Área de Trabalho/Todas as atividades da DH/Testing/CheckPoint2/eduardoLaura.robot">
<test id="s1-t1" name="Processo de compra de uma peça feminina/masculina/sportswear no site Spree Demo" line="8">
<kw name="Abrir site" library="eduardoLaura">
<kw name="Open Browser" library="SeleniumLibrary">
<arg>${SITE}</arg>
<arg>${NAVEGADOR}</arg>
<doc>Opens a new browser instance to the optional ``url``.</doc>
<msg timestamp="20221215 00:37:50.009" level="INFO">Opening browser 'Chrome' to base url 'https://demo.spreecommerce.org/'.</msg>
<status status="PASS" starttime="20221215 00:37:50.008" endtime="20221215 00:37:53.193"/>
</kw>
<kw name="Maximize Browser Window" library="SeleniumLibrary">
<doc>Maximizes current browser window.</doc>
<status status="PASS" starttime="20221215 00:37:53.193" endtime="20221215 00:37:53.417"/>
</kw>
<status status="PASS" starttime="20221215 00:37:50.007" endtime="20221215 00:37:53.418"/>
</kw>
<kw name="Selecionar sessao" library="eduardoLaura">
<kw name="Click Element" library="SeleniumLibrary">
<arg>${SELECIONAR_SESSAO}</arg>
<doc>Click the element identified by ``locator``.</doc>
<msg timestamp="20221215 00:37:53.430" level="INFO">Clicking element 'css=.row:nth-child(1) .homepage-hpb'.</msg>
<status status="PASS" starttime="20221215 00:37:53.427" endtime="20221215 00:37:53.651"/>
</kw>
<kw name="Sleep" library="BuiltIn">
<arg>10</arg>
<doc>Pauses the test executed for the given time.</doc>
<msg timestamp="20221215 00:38:03.654" level="INFO">Slept 10 seconds</msg>
<status status="PASS" starttime="20221215 00:37:53.652" endtime="20221215 00:38:03.654"/>
</kw>
<status status="PASS" starttime="20221215 00:37:53.420" endtime="20221215 00:38:03.654"/>
</kw>
<kw name="Selecionar produto" library="eduardoLaura">
<kw name="Click Element" library="SeleniumLibrary">
<arg>${SELECIONAR_PRODUTO}</arg>
<doc>Click the element identified by ``locator``.</doc>
<msg timestamp="20221215 00:38:03.655" level="INFO">Clicking element 'css=#product_1 .product-component-image'.</msg>
<status status="PASS" starttime="20221215 00:38:03.654" endtime="20221215 00:38:03.718"/>
</kw>
<kw name="Sleep" library="BuiltIn">
<arg>9</arg>
<doc>Pauses the test executed for the given time.</doc>
<msg timestamp="20221215 00:38:12.719" level="INFO">Slept 9 seconds</msg>
<status status="PASS" starttime="20221215 00:38:03.719" endtime="20221215 00:38:12.719"/>
</kw>
<status status="PASS" starttime="20221215 00:38:03.654" endtime="20221215 00:38:12.719"/>
</kw>
<kw name="Adicionar produto ao carrinho" library="eduardoLaura">
<kw name="Click Element" library="SeleniumLibrary">
<arg>${BOTAO_ADICIONAR}</arg>
<doc>Click the element identified by ``locator``.</doc>
<msg timestamp="20221215 00:38:12.722" level="INFO">Clicking element 'id=add-to-cart-button'.</msg>
<status status="PASS" starttime="20221215 00:38:12.720" endtime="20221215 00:38:12.823"/>
</kw>
<kw name="Sleep" library="BuiltIn">
<arg>8</arg>
<doc>Pauses the test executed for the given time.</doc>
<msg timestamp="20221215 00:38:20.824" level="INFO">Slept 8 seconds</msg>
<status status="PASS" starttime="20221215 00:38:12.824" endtime="20221215 00:38:20.825"/>
</kw>
<status status="PASS" starttime="20221215 00:38:12.719" endtime="20221215 00:38:20.825"/>
</kw>
<kw name="Checkout" library="eduardoLaura">
<kw name="Click Element" library="SeleniumLibrary">
<arg>${BOTAO_CHECKOUT}</arg>
<doc>Click the element identified by ``locator``.</doc>
<msg timestamp="20221215 00:38:20.829" level="INFO">Clicking element 'css=.btn-primary:nth-child(1)'.</msg>
<status status="PASS" starttime="20221215 00:38:20.827" endtime="20221215 00:38:21.851"/>
</kw>
<kw name="Sleep" library="BuiltIn">
<arg>7</arg>
<doc>Pauses the test executed for the given time.</doc>
<msg timestamp="20221215 00:38:28.852" level="INFO">Slept 7 seconds</msg>
<status status="PASS" starttime="20221215 00:38:21.851" endtime="20221215 00:38:28.852"/>
</kw>
<status status="PASS" starttime="20221215 00:38:20.826" endtime="20221215 00:38:28.852"/>
</kw>
<kw name="Login" library="eduardoLaura">
<kw name="Input Text" library="SeleniumLibrary">
<arg>${CAMPO_EMAIL}</arg>
<arg>${EMAIL}</arg>
<doc>Types the given ``text`` into the text field identified by ``locator``.</doc>
<msg timestamp="20221215 00:38:28.853" level="INFO">Typing text 'dudu9090@outlook.com.br' into text field 'id=spree_user_email'.</msg>
<status status="PASS" starttime="20221215 00:38:28.853" endtime="20221215 00:38:29.051"/>
</kw>
<kw name="Input Password" library="SeleniumLibrary">
<arg>${CAMPO_SENHA}</arg>
<arg>${SENHA}</arg>
<doc>Types the given password into the text field identified by ``locator``.</doc>
<msg timestamp="20221215 00:38:29.051" level="INFO">Typing password into text field 'spree_user_password'.</msg>
<msg timestamp="20221215 00:38:29.189" level="INFO">Temporally setting log level to: NONE</msg>
<msg timestamp="20221215 00:38:29.359" level="INFO">Log level changed from NONE to INFO.</msg>
<status status="PASS" starttime="20221215 00:38:29.051" endtime="20221215 00:38:29.359"/>
</kw>
<kw name="Click Element" library="SeleniumLibrary">
<arg>${BOTAO_LOGAR}</arg>
<doc>Click the element identified by ``locator``.</doc>
<msg timestamp="20221215 00:38:29.368" level="INFO">Clicking element 'name=commit'.</msg>
<status status="PASS" starttime="20221215 00:38:29.359" endtime="20221215 00:38:31.007"/>
</kw>
<kw name="Sleep" library="BuiltIn">
<arg>6</arg>
<doc>Pauses the test executed for the given time.</doc>
<msg timestamp="20221215 00:38:37.009" level="INFO">Slept 6 seconds</msg>
<status status="PASS" starttime="20221215 00:38:31.008" endtime="20221215 00:38:37.010"/>
</kw>
<status status="PASS" starttime="20221215 00:38:28.852" endtime="20221215 00:38:37.010"/>
</kw>
<kw name="Preencher dados de “billing address” e clicar em “Save and Continue”" library="eduardoLaura">
<kw name="Input Text" library="SeleniumLibrary">
<arg>${CAMPO_PRIMEIRO_NOME}</arg>
<arg>${NOME}</arg>
<doc>Types the given ``text`` into the text field identified by ``locator``.</doc>
<msg timestamp="20221215 00:38:37.011" level="INFO">Typing text 'Eduardo' into text field 'id=order_bill_address_attributes_firstname'.</msg>
<status status="PASS" starttime="20221215 00:38:37.010" endtime="20221215 00:38:37.161"/>
</kw>
<kw name="Input Text" library="SeleniumLibrary">
<arg>${CAMPO_ULTIMO_NOME}</arg>
<arg>${SOBRENOME}</arg>
<doc>Types the given ``text`` into the text field identified by ``locator``.</doc>
<msg timestamp="20221215 00:38:37.167" level="INFO">Typing text 'Serodio' into text field 'id=order_bill_address_attributes_lastname'.</msg>
<status status="PASS" starttime="20221215 00:38:37.162" endtime="20221215 00:38:37.527"/>
</kw>
<kw name="Input Text" library="SeleniumLibrary">
<arg>${CAMPO_ENDERECO}</arg>
<arg>${ENDERECO}</arg>
<doc>Types the given ``text`` into the text field identified by ``locator``.</doc>
<msg timestamp="20221215 00:38:37.530" level="INFO">Typing text '251 Park Avenue S' into text field 'id=order_bill_address_attributes_address1'.</msg>
<status status="PASS" starttime="20221215 00:38:37.528" endtime="20221215 00:38:37.959"/>
</kw>
<kw name="Input Text" library="SeleniumLibrary">
<arg>${CAMPO_CIDADE}</arg>
<arg>${CIDADE}</arg>
<doc>Types the given ``text`` into the text field identified by ``locator``.</doc>
<msg timestamp="20221215 00:38:37.962" level="INFO">Typing text 'New York - NY' into text field 'id=order_bill_address_attributes_city'.</msg>
<status status="PASS" starttime="20221215 00:38:37.960" endtime="20221215 00:38:38.380"/>
</kw>
<kw name="Input Text" library="SeleniumLibrary">
<arg>${CAMPO_CEP}</arg>
<arg>${CEP}</arg>
<doc>Types the given ``text`` into the text field identified by ``locator``.</doc>
<msg timestamp="20221215 00:38:38.382" level="INFO">Typing text '10022' into text field 'id=order_bill_address_attributes_zipcode'.</msg>
<status status="PASS" starttime="20221215 00:38:38.381" endtime="20221215 00:38:38.712"/>
</kw>
<kw name="Input Text" library="SeleniumLibrary">
<arg>${CAMPO_CELULAR}</arg>
<arg>${CELULAR}</arg>
<doc>Types the given ``text`` into the text field identified by ``locator``.</doc>
<msg timestamp="20221215 00:38:38.717" level="INFO">Typing text '11996184038' into text field 'id=order_bill_address_attributes_phone'.</msg>
<status status="PASS" starttime="20221215 00:38:38.713" endtime="20221215 00:38:39.073"/>
</kw>
<kw name="Click Element" library="SeleniumLibrary">
<arg>${BOTAO_SALVAR}</arg>
<doc>Click the element identified by ``locator``.</doc>
<msg timestamp="20221215 00:38:39.075" level="INFO">Clicking element 'name=commit'.</msg>
<status status="PASS" starttime="20221215 00:38:39.073" endtime="20221215 00:38:41.095"/>
</kw>
<status status="PASS" starttime="20221215 00:38:37.010" endtime="20221215 00:38:41.096"/>
</kw>
<status status="PASS" starttime="20221215 00:37:50.006" endtime="20221215 00:38:41.100"/>
</test>
<status status="PASS" starttime="20221215 00:37:49.714" endtime="20221215 00:38:41.102"/>
</suite>
<statistics>
<total>
<stat pass="1" fail="0" skip="0">All Tests</stat>
</total>
<tag>
</tag>
<suite>
<stat pass="1" fail="0" skip="0" id="s1" name="eduardoLaura">eduardoLaura</stat>
</suite>
</statistics>
<errors>
</errors>
</robot>
