<?xml version="1.0" encoding="UTF-8"?>
<robot generator="Robot 6.0.1 (Python 3.10.6 on linux)" generated="20221215 16:13:21.532" rpa="false" schemaversion="3">
<suite id="s1" name="eduardoLaura2" source="/home/eduardo/Área de Trabalho/Todas as atividades da DH/Testing/CheckPoint2/eduardoLaura2.robot">
<test id="s1-t1" name="Processo de compra de uma peça feminina/masculina/sportswear no site Spree Demo" line="9">
<kw name="Abrir site" library="eduardoLaura2">
<kw name="Open Browser" library="SeleniumLibrary">
<arg>${SITE}</arg>
<arg>${NAVEGADOR}</arg>
<doc>Opens a new browser instance to the optional ``url``.</doc>
<msg timestamp="20221215 16:13:21.685" level="INFO">Opening browser 'Chrome' to base url 'https://demo.spreecommerce.org/'.</msg>
<status status="PASS" starttime="20221215 16:13:21.684" endtime="20221215 16:13:24.615"/>
</kw>
<kw name="Maximize Browser Window" library="SeleniumLibrary">
<doc>Maximizes current browser window.</doc>
<status status="PASS" starttime="20221215 16:13:24.615" endtime="20221215 16:13:24.719"/>
</kw>
<status status="PASS" starttime="20221215 16:13:21.684" endtime="20221215 16:13:24.720"/>
</kw>
<kw name="Selecionar sessao" library="eduardoLaura2">
<kw name="Click Element" library="SeleniumLibrary">
<arg>${SELECIONAR_SESSAO}</arg>
<doc>Click the element identified by ``locator``.</doc>
<msg timestamp="20221215 16:13:24.723" level="INFO">Clicking element 'css=.col-6 &gt; .homepage-taxon-box .homepage-hpb'.</msg>
<status status="PASS" starttime="20221215 16:13:24.722" endtime="20221215 16:13:24.813"/>
</kw>
<kw name="Sleep" library="BuiltIn">
<arg>10</arg>
<doc>Pauses the test executed for the given time.</doc>
<msg timestamp="20221215 16:13:34.814" level="INFO">Slept 10 seconds</msg>
<status status="PASS" starttime="20221215 16:13:24.813" endtime="20221215 16:13:34.814"/>
</kw>
<status status="PASS" starttime="20221215 16:13:24.721" endtime="20221215 16:13:34.814"/>
</kw>
<kw name="Selecionar produto" library="eduardoLaura2">
<kw name="Click Element" library="SeleniumLibrary">
<arg>${SELECIONAR_PRODUTO}</arg>
<doc>Click the element identified by ``locator``.</doc>
<msg timestamp="20221215 16:13:34.815" level="INFO">Clicking element 'css=#product_46 .product-component-image'.</msg>
<status status="PASS" starttime="20221215 16:13:34.815" endtime="20221215 16:13:34.882"/>
</kw>
<kw name="Sleep" library="BuiltIn">
<arg>9</arg>
<doc>Pauses the test executed for the given time.</doc>
<msg timestamp="20221215 16:13:43.883" level="INFO">Slept 9 seconds</msg>
<status status="PASS" starttime="20221215 16:13:34.882" endtime="20221215 16:13:43.883"/>
</kw>
<status status="PASS" starttime="20221215 16:13:34.814" endtime="20221215 16:13:43.883"/>
</kw>
<kw name="Adicionar produto ao carrinho" library="eduardoLaura2">
<kw name="Click Element" library="SeleniumLibrary">
<arg>${BOTAO_ADICIONAR}</arg>
<doc>Click the element identified by ``locator``.</doc>
<msg timestamp="20221215 16:13:43.884" level="INFO">Clicking element 'id=add-to-cart-button'.</msg>
<status status="PASS" starttime="20221215 16:13:43.884" endtime="20221215 16:13:43.950"/>
</kw>
<kw name="Sleep" library="BuiltIn">
<arg>8</arg>
<doc>Pauses the test executed for the given time.</doc>
<msg timestamp="20221215 16:13:51.951" level="INFO">Slept 8 seconds</msg>
<status status="PASS" starttime="20221215 16:13:43.950" endtime="20221215 16:13:51.951"/>
</kw>
<status status="PASS" starttime="20221215 16:13:43.883" endtime="20221215 16:13:51.951"/>
</kw>
<kw name="Checkout" library="eduardoLaura2">
<kw name="Click Element" library="SeleniumLibrary">
<arg>${BOTAO_CHECKOUT}</arg>
<doc>Click the element identified by ``locator``.</doc>
<msg timestamp="20221215 16:13:51.953" level="INFO">Clicking element 'css=.btn-primary:nth-child(1)'.</msg>
<status status="PASS" starttime="20221215 16:13:51.952" endtime="20221215 16:13:52.714"/>
</kw>
<kw name="Sleep" library="BuiltIn">
<arg>7</arg>
<doc>Pauses the test executed for the given time.</doc>
<msg timestamp="20221215 16:13:59.716" level="INFO">Slept 7 seconds</msg>
<status status="PASS" starttime="20221215 16:13:52.715" endtime="20221215 16:13:59.716"/>
</kw>
<status status="PASS" starttime="20221215 16:13:51.952" endtime="20221215 16:13:59.716"/>
</kw>
<kw name="Login" library="eduardoLaura2">
<kw name="Input Text" library="SeleniumLibrary">
<arg>${CAMPO_EMAIL}</arg>
<arg>${EMAIL}</arg>
<doc>Types the given ``text`` into the text field identified by ``locator``.</doc>
<msg timestamp="20221215 16:13:59.718" level="INFO">Typing text 'dudu9090@outlook.com.br' into text field 'id=spree_user_email'.</msg>
<status status="PASS" starttime="20221215 16:13:59.717" endtime="20221215 16:13:59.847"/>
</kw>
<kw name="Input Password" library="SeleniumLibrary">
<arg>${CAMPO_SENHA}</arg>
<arg>${SENHA}</arg>
<doc>Types the given password into the text field identified by ``locator``.</doc>
<msg timestamp="20221215 16:13:59.847" level="INFO">Typing password into text field 'spree_user_password'.</msg>
<msg timestamp="20221215 16:13:59.892" level="INFO">Temporally setting log level to: NONE</msg>
<msg timestamp="20221215 16:13:59.949" level="INFO">Log level changed from NONE to INFO.</msg>
<status status="PASS" starttime="20221215 16:13:59.847" endtime="20221215 16:13:59.949"/>
</kw>
<kw name="Click Element" library="SeleniumLibrary">
<arg>${BOTAO_LOGAR}</arg>
<doc>Click the element identified by ``locator``.</doc>
<msg timestamp="20221215 16:13:59.950" level="INFO">Clicking element 'name=commit'.</msg>
<status status="PASS" starttime="20221215 16:13:59.949" endtime="20221215 16:14:01.209"/>
</kw>
<kw name="Sleep" library="BuiltIn">
<arg>6</arg>
<doc>Pauses the test executed for the given time.</doc>
<msg timestamp="20221215 16:14:07.210" level="INFO">Slept 6 seconds</msg>
<status status="PASS" starttime="20221215 16:14:01.210" endtime="20221215 16:14:07.210"/>
</kw>
<status status="PASS" starttime="20221215 16:13:59.717" endtime="20221215 16:14:07.210"/>
</kw>
<kw name="Preencher dados de “billing address” e clicar em “Save and Continue”" library="eduardoLaura2">
<kw name="Input Text" library="SeleniumLibrary">
<arg>${CAMPO_PRIMEIRO_NOME}</arg>
<arg>${NOME}</arg>
<doc>Types the given ``text`` into the text field identified by ``locator``.</doc>
<msg timestamp="20221215 16:14:07.212" level="INFO">Typing text 'Eduardo' into text field 'id=order_bill_address_attributes_firstname'.</msg>
<status status="PASS" starttime="20221215 16:14:07.211" endtime="20221215 16:14:07.356"/>
</kw>
<kw name="Input Text" library="SeleniumLibrary">
<arg>${CAMPO_ULTIMO_NOME}</arg>
<arg>${SOBRENOME}</arg>
<doc>Types the given ``text`` into the text field identified by ``locator``.</doc>
<msg timestamp="20221215 16:14:07.358" level="INFO">Typing text 'Serodio' into text field 'id=order_bill_address_attributes_lastname'.</msg>
<status status="PASS" starttime="20221215 16:14:07.357" endtime="20221215 16:14:07.486"/>
</kw>
<kw name="Input Text" library="SeleniumLibrary">
<arg>${CAMPO_ENDERECO}</arg>
<arg>${ENDERECO}</arg>
<doc>Types the given ``text`` into the text field identified by ``locator``.</doc>
<msg timestamp="20221215 16:14:07.487" level="INFO">Typing text '251 Park Avenue S' into text field 'id=order_bill_address_attributes_address1'.</msg>
<status status="PASS" starttime="20221215 16:14:07.487" endtime="20221215 16:14:07.603"/>
</kw>
<kw name="Input Text" library="SeleniumLibrary">
<arg>${CAMPO_CIDADE}</arg>
<arg>${CIDADE}</arg>
<doc>Types the given ``text`` into the text field identified by ``locator``.</doc>
<msg timestamp="20221215 16:14:07.604" level="INFO">Typing text 'New York - NY' into text field 'id=order_bill_address_attributes_city'.</msg>
<status status="PASS" starttime="20221215 16:14:07.603" endtime="20221215 16:14:07.734"/>
</kw>
<kw name="Input Text" library="SeleniumLibrary">
<arg>${CAMPO_CEP}</arg>
<arg>${CEP}</arg>
<doc>Types the given ``text`` into the text field identified by ``locator``.</doc>
<msg timestamp="20221215 16:14:07.736" level="INFO">Typing text '10022' into text field 'id=order_bill_address_attributes_zipcode'.</msg>
<status status="PASS" starttime="20221215 16:14:07.735" endtime="20221215 16:14:07.892"/>
</kw>
<kw name="Input Text" library="SeleniumLibrary">
<arg>${CAMPO_CELULAR}</arg>
<arg>${CELULAR}</arg>
<doc>Types the given ``text`` into the text field identified by ``locator``.</doc>
<msg timestamp="20221215 16:14:07.894" level="INFO">Typing text '11996184038' into text field 'id=order_bill_address_attributes_phone'.</msg>
<status status="PASS" starttime="20221215 16:14:07.892" endtime="20221215 16:14:08.078"/>
</kw>
<kw name="Click Element" library="SeleniumLibrary">
<arg>${BOTAO_SALVAR}</arg>
<doc>Click the element identified by ``locator``.</doc>
<msg timestamp="20221215 16:14:08.079" level="INFO">Clicking element 'name=commit'.</msg>
<status status="PASS" starttime="20221215 16:14:08.078" endtime="20221215 16:14:09.460"/>
</kw>
<kw name="Sleep" library="BuiltIn">
<arg>5</arg>
<doc>Pauses the test executed for the given time.</doc>
<msg timestamp="20221215 16:14:14.461" level="INFO">Slept 5 seconds</msg>
<status status="PASS" starttime="20221215 16:14:09.460" endtime="20221215 16:14:14.461"/>
</kw>
<status status="PASS" starttime="20221215 16:14:07.211" endtime="20221215 16:14:14.461"/>
</kw>
<kw name="Selecionar “frete” e clicar em “Save and Continue”" library="eduardoLaura2">
<kw name="Click Element" library="SeleniumLibrary">
<arg>${BOTAO_SALVAR}</arg>
<doc>Click the element identified by ``locator``.</doc>
<msg timestamp="20221215 16:14:14.462" level="INFO">Clicking element 'name=commit'.</msg>
<status status="PASS" starttime="20221215 16:14:14.461" endtime="20221215 16:14:15.603"/>
</kw>
<kw name="Sleep" library="BuiltIn">
<arg>4</arg>
<doc>Pauses the test executed for the given time.</doc>
<msg timestamp="20221215 16:14:19.604" level="INFO">Slept 4 seconds</msg>
<status status="PASS" starttime="20221215 16:14:15.603" endtime="20221215 16:14:19.604"/>
</kw>
<status status="PASS" starttime="20221215 16:14:14.461" endtime="20221215 16:14:19.604"/>
</kw>
<kw name="Preencher dados do cartão de crédito, clicar em “Save and Continue”" library="eduardoLaura2">
<kw name="Input Text" library="SeleniumLibrary">
<arg>${CAMPO_NOME_CARTAO}</arg>
<arg>${NOME_CARTAO}</arg>
<doc>Types the given ``text`` into the text field identified by ``locator``.</doc>
<msg timestamp="20221215 16:14:19.605" level="INFO">Typing text 'Eduardo Seorodio' into text field 'id=name_on_card'.</msg>
<status status="PASS" starttime="20221215 16:14:19.605" endtime="20221215 16:14:19.734"/>
</kw>
<kw name="Input Text" library="SeleniumLibrary">
<arg>${CAMPO_NUMERO_CARTAO}</arg>
<arg>${NUMERO_CARTAO}</arg>
<doc>Types the given ``text`` into the text field identified by ``locator``.</doc>
<msg timestamp="20221215 16:14:19.735" level="INFO">Typing text '5467 1814 7119 8682' into text field 'id=card_number'.</msg>
<status status="PASS" starttime="20221215 16:14:19.734" endtime="20221215 16:14:19.881"/>
</kw>
<kw name="Input Text" library="SeleniumLibrary">
<arg>${CAMPO_DATA_VENCIMENTO}</arg>
<arg>${DATA_VENCIMENTO}</arg>
<doc>Types the given ``text`` into the text field identified by ``locator``.</doc>
<msg timestamp="20221215 16:14:19.882" level="INFO">Typing text '14/11/2024' into text field 'id=card_expiry'.</msg>
<status status="PASS" starttime="20221215 16:14:19.881" endtime="20221215 16:14:19.998"/>
</kw>
<kw name="Input Text" library="SeleniumLibrary">
<arg>${CAMPO_CVV}</arg>
<arg>${CVV}</arg>
<doc>Types the given ``text`` into the text field identified by ``locator``.</doc>
<msg timestamp="20221215 16:14:19.998" level="INFO">Typing text '930' into text field 'id=card_code'.</msg>
<status status="PASS" starttime="20221215 16:14:19.998" endtime="20221215 16:14:20.129"/>
</kw>
<kw name="Sleep" library="BuiltIn">
<arg>3</arg>
<doc>Pauses the test executed for the given time.</doc>
<msg timestamp="20221215 16:14:23.130" level="INFO">Slept 3 seconds</msg>
<status status="PASS" starttime="20221215 16:14:20.129" endtime="20221215 16:14:23.130"/>
</kw>
<status status="PASS" starttime="20221215 16:14:19.604" endtime="20221215 16:14:23.130"/>
</kw>
<kw name="Checar informações e clicar em “place order”" library="eduardoLaura2">
<kw name="Click Element" library="SeleniumLibrary">
<arg>${BOTAO_PLACE_ORDER}</arg>
<doc>Click the element identified by ``locator``.</doc>
<msg timestamp="20221215 16:14:23.132" level="INFO">Clicking element 'name=commit'.</msg>
<status status="PASS" starttime="20221215 16:14:23.131" endtime="20221215 16:14:24.466"/>
</kw>
<status status="PASS" starttime="20221215 16:14:23.130" endtime="20221215 16:14:24.466"/>
</kw>
<status status="PASS" starttime="20221215 16:13:21.683" endtime="20221215 16:14:24.467"/>
</test>
<status status="PASS" starttime="20221215 16:13:21.532" endtime="20221215 16:14:24.468"/>
</suite>
<statistics>
<total>
<stat pass="1" fail="0" skip="0">All Tests</stat>
</total>
<tag>
</tag>
<suite>
<stat pass="1" fail="0" skip="0" id="s1" name="eduardoLaura2">eduardoLaura2</stat>
</suite>
</statistics>
<errors>
</errors>
</robot>
